<?xml version="1.0" encoding="UTF-8"?>
<!-- Generated by org.testng.reporters.JUnitXMLReporter -->
<testsuite ignored="1" hostname="MohamedJamal" failures="0" tests="1" name="Error Validations Test" time="40.391" errors="0" timestamp="2024-11-02T14:31:33 EET">
  <testcase classname="org.groupID.testArtifactID.ErrorValidationMessage" name="checkNegativeLogin" time="10.303"/>
  <testcase classname="org.groupID.testArtifactID.ErrorValidationMessage" name="verifyProductName" time="0.0">
    <ignored/>
  </testcase> <!-- verifyProductName -->
</testsuite> <!-- Error Validations Test -->
