<?xml version="1.0" encoding="UTF-8"?>
<!-- Generated by org.testng.reporters.JUnitXMLReporter -->
<testsuite ignored="2" hostname="MohamedJamal" failures="0" tests="0" time="0.016" errors="0" timestamp="2024-11-02T14:30:53 EET">
  <testcase classname="org.groupID.testArtifactID.testClass" name="submitOrder" time="0.0">
    <ignored/>
  </testcase> <!-- submitOrder -->
  <testcase classname="org.groupID.testArtifactID.testClass" name="getOrderHistory" time="0.0">
    <ignored/>
  </testcase> <!-- getOrderHistory -->
</testsuite>
